
=============== START ================
/training/math accesses from 0:0:0:0:0:0:0:1 IP address at 2019-08-05T10:44:03.005
=============== END ================

=============== START ================
/training/math accesses from 0:0:0:0:0:0:0:1 IP address at 2019-08-05T10:44:05.906
=============== END ================

=============== START ================
/training/math accesses from 0:0:0:0:0:0:0:1 IP address at 2019-08-05T10:44:08.419
=============== END ================

=============== START ================
/training/math accesses from 0:0:0:0:0:0:0:1 IP address at 2019-08-05T10:45:46.278
=============== END ================

=============== START ================
/training/india/population accesses from 0:0:0:0:0:0:0:1 IP address at 2019-08-05T10:45:53.429
=============== END ================

=============== START ================
/training/india/population accesses from 0:0:0:0:0:0:0:1 IP address at 2019-08-05T10:45:55.420
=============== END ================

=============== START ================
/training/india/population accesses from 0:0:0:0:0:0:0:1 IP address at 2019-08-05T10:45:55.846
=============== END ================

=============== START ================
/training/india/population accesses from 0:0:0:0:0:0:0:1 IP address at 2019-08-05T10:45:56.005
=============== END ================

=============== START ================
/training/india/population accesses from 0:0:0:0:0:0:0:1 IP address at 2019-08-05T10:45:56.155
=============== END ================

=============== START ================
/training/india/population accesses from 0:0:0:0:0:0:0:1 IP address at 2019-08-05T10:45:56.299
=============== END ================

=============== START ================
/training/login.jsp accesses from 0:0:0:0:0:0:0:1 IP address at 2019-08-05T11:08:14.048
=============== END ================

=============== START ================
/training/login.jsp accesses from 0:0:0:0:0:0:0:1 IP address at 2019-08-05T11:08:14.136
=============== END ================

=============== START ================
/training/login.jsp accesses from 0:0:0:0:0:0:0:1 IP address at 2019-08-05T11:08:14.142
=============== END ================

=============== START ================
/training/login.jsp accesses from 0:0:0:0:0:0:0:1 IP address at 2019-08-05T11:08:14.149
=============== END ================

=============== START ================
/training/login.jsp accesses from 0:0:0:0:0:0:0:1 IP address at 2019-08-05T11:08:14.154
=============== END ================

=============== START ================
/training/login.jsp accesses from 0:0:0:0:0:0:0:1 IP address at 2019-08-05T11:08:14.159
=============== END ================

=============== START ================
/training/login.jsp accesses from 0:0:0:0:0:0:0:1 IP address at 2019-08-05T11:08:14.165
=============== END ================

=============== START ================
/training/login.jsp accesses from 0:0:0:0:0:0:0:1 IP address at 2019-08-05T11:08:14.170
=============== END ================

=============== START ================
/training/login.jsp accesses from 0:0:0:0:0:0:0:1 IP address at 2019-08-05T11:08:14.173
=============== END ================

=============== START ================
/training/login.jsp accesses from 0:0:0:0:0:0:0:1 IP address at 2019-08-05T11:08:14.177
=============== END ================

=============== START ================
/training/login.jsp accesses from 0:0:0:0:0:0:0:1 IP address at 2019-08-05T11:08:14.181
=============== END ================

=============== START ================
/training/login.jsp accesses from 0:0:0:0:0:0:0:1 IP address at 2019-08-05T11:08:14.184
=============== END ================

=============== START ================
/training/login.jsp accesses from 0:0:0:0:0:0:0:1 IP address at 2019-08-05T11:08:14.186
=============== END ================

=============== START ================
/training/login.jsp accesses from 0:0:0:0:0:0:0:1 IP address at 2019-08-05T11:08:14.189
=============== END ================

=============== START ================
/training/login.jsp accesses from 0:0:0:0:0:0:0:1 IP address at 2019-08-05T11:08:14.192
=============== END ================

=============== START ================
/training/login.jsp accesses from 0:0:0:0:0:0:0:1 IP address at 2019-08-05T11:08:14.195
=============== END ================

=============== START ================
/training/login.jsp accesses from 0:0:0:0:0:0:0:1 IP address at 2019-08-05T11:08:14.198
=============== END ================

=============== START ================
/training/login.jsp accesses from 0:0:0:0:0:0:0:1 IP address at 2019-08-05T11:08:14.202
=============== END ================

=============== START ================
/training/login.jsp accesses from 0:0:0:0:0:0:0:1 IP address at 2019-08-05T11:08:14.205
=============== END ================

=============== START ================
/training/login.jsp accesses from 0:0:0:0:0:0:0:1 IP address at 2019-08-05T11:08:14.215
=============== END ================

=============== START ================
/training/login.jsp accesses from 0:0:0:0:0:0:0:1 IP address at 2019-08-05T11:08:17.598
=============== END ================

=============== START ================
/training/login.jsp accesses from 0:0:0:0:0:0:0:1 IP address at 2019-08-05T11:08:17.602
=============== END ================

=============== START ================
/training/login.jsp accesses from 0:0:0:0:0:0:0:1 IP address at 2019-08-05T11:08:17.606
=============== END ================

=============== START ================
/training/login.jsp accesses from 0:0:0:0:0:0:0:1 IP address at 2019-08-05T11:08:17.609
=============== END ================

=============== START ================
/training/login.jsp accesses from 0:0:0:0:0:0:0:1 IP address at 2019-08-05T11:08:17.611
=============== END ================

=============== START ================
/training/login.jsp accesses from 0:0:0:0:0:0:0:1 IP address at 2019-08-05T11:08:17.614
=============== END ================

=============== START ================
/training/login.jsp accesses from 0:0:0:0:0:0:0:1 IP address at 2019-08-05T11:08:17.617
=============== END ================

=============== START ================
/training/login.jsp accesses from 0:0:0:0:0:0:0:1 IP address at 2019-08-05T11:08:17.620
=============== END ================

=============== START ================
/training/login.jsp accesses from 0:0:0:0:0:0:0:1 IP address at 2019-08-05T11:08:17.622
=============== END ================

=============== START ================
/training/login.jsp accesses from 0:0:0:0:0:0:0:1 IP address at 2019-08-05T11:08:17.625
=============== END ================

=============== START ================
/training/login.jsp accesses from 0:0:0:0:0:0:0:1 IP address at 2019-08-05T11:08:17.628
=============== END ================

=============== START ================
/training/login.jsp accesses from 0:0:0:0:0:0:0:1 IP address at 2019-08-05T11:08:17.630
=============== END ================

=============== START ================
/training/login.jsp accesses from 0:0:0:0:0:0:0:1 IP address at 2019-08-05T11:08:17.633
=============== END ================

=============== START ================
/training/login.jsp accesses from 0:0:0:0:0:0:0:1 IP address at 2019-08-05T11:08:17.636
=============== END ================

=============== START ================
/training/login.jsp accesses from 0:0:0:0:0:0:0:1 IP address at 2019-08-05T11:08:17.638
=============== END ================

=============== START ================
/training/login.jsp accesses from 0:0:0:0:0:0:0:1 IP address at 2019-08-05T11:08:17.641
=============== END ================

=============== START ================
/training/login.jsp accesses from 0:0:0:0:0:0:0:1 IP address at 2019-08-05T11:08:17.644
=============== END ================

=============== START ================
/training/login.jsp accesses from 0:0:0:0:0:0:0:1 IP address at 2019-08-05T11:08:17.646
=============== END ================

=============== START ================
/training/login.jsp accesses from 0:0:0:0:0:0:0:1 IP address at 2019-08-05T11:08:17.649
=============== END ================

=============== START ================
/training/login.jsp accesses from 0:0:0:0:0:0:0:1 IP address at 2019-08-05T11:08:17.651
=============== END ================

=============== START ================
/training/login.jsp accesses from 0:0:0:0:0:0:0:1 IP address at 2019-08-05T11:08:22.904
=============== END ================

=============== START ================
/training/login.jsp accesses from 0:0:0:0:0:0:0:1 IP address at 2019-08-05T11:08:22.907
=============== END ================

=============== START ================
/training/login.jsp accesses from 0:0:0:0:0:0:0:1 IP address at 2019-08-05T11:08:22.910
=============== END ================

=============== START ================
/training/login.jsp accesses from 0:0:0:0:0:0:0:1 IP address at 2019-08-05T11:08:22.913
=============== END ================

=============== START ================
/training/login.jsp accesses from 0:0:0:0:0:0:0:1 IP address at 2019-08-05T11:08:22.915
=============== END ================

=============== START ================
/training/login.jsp accesses from 0:0:0:0:0:0:0:1 IP address at 2019-08-05T11:08:22.918
=============== END ================

=============== START ================
/training/login.jsp accesses from 0:0:0:0:0:0:0:1 IP address at 2019-08-05T11:08:22.921
=============== END ================

=============== START ================
/training/login.jsp accesses from 0:0:0:0:0:0:0:1 IP address at 2019-08-05T11:08:22.924
=============== END ================

=============== START ================
/training/login.jsp accesses from 0:0:0:0:0:0:0:1 IP address at 2019-08-05T11:08:22.926
=============== END ================

=============== START ================
/training/login.jsp accesses from 0:0:0:0:0:0:0:1 IP address at 2019-08-05T11:08:22.929
=============== END ================

=============== START ================
/training/login.jsp accesses from 0:0:0:0:0:0:0:1 IP address at 2019-08-05T11:08:22.931
=============== END ================

=============== START ================
/training/login.jsp accesses from 0:0:0:0:0:0:0:1 IP address at 2019-08-05T11:08:22.934
=============== END ================

=============== START ================
/training/login.jsp accesses from 0:0:0:0:0:0:0:1 IP address at 2019-08-05T11:08:22.936
=============== END ================

=============== START ================
/training/login.jsp accesses from 0:0:0:0:0:0:0:1 IP address at 2019-08-05T11:08:22.938
=============== END ================

=============== START ================
/training/login.jsp accesses from 0:0:0:0:0:0:0:1 IP address at 2019-08-05T11:08:22.941
=============== END ================

=============== START ================
/training/login.jsp accesses from 0:0:0:0:0:0:0:1 IP address at 2019-08-05T11:08:22.943
=============== END ================

=============== START ================
/training/login.jsp accesses from 0:0:0:0:0:0:0:1 IP address at 2019-08-05T11:08:22.946
=============== END ================

=============== START ================
/training/login.jsp accesses from 0:0:0:0:0:0:0:1 IP address at 2019-08-05T11:08:22.948
=============== END ================

=============== START ================
/training/login.jsp accesses from 0:0:0:0:0:0:0:1 IP address at 2019-08-05T11:08:22.951
=============== END ================

=============== START ================
/training/login.jsp accesses from 0:0:0:0:0:0:0:1 IP address at 2019-08-05T11:08:22.953
=============== END ================

=============== START ================
/training/login.jsp accesses from 0:0:0:0:0:0:0:1 IP address at 2019-08-05T11:08:33.315
=============== END ================

=============== START ================
/training/login.jsp accesses from 0:0:0:0:0:0:0:1 IP address at 2019-08-05T11:08:33.319
=============== END ================

=============== START ================
/training/login.jsp accesses from 0:0:0:0:0:0:0:1 IP address at 2019-08-05T11:08:33.323
=============== END ================

=============== START ================
/training/login.jsp accesses from 0:0:0:0:0:0:0:1 IP address at 2019-08-05T11:08:33.326
=============== END ================

=============== START ================
/training/login.jsp accesses from 0:0:0:0:0:0:0:1 IP address at 2019-08-05T11:08:33.328
=============== END ================

=============== START ================
/training/login.jsp accesses from 0:0:0:0:0:0:0:1 IP address at 2019-08-05T11:08:33.331
=============== END ================

=============== START ================
/training/login.jsp accesses from 0:0:0:0:0:0:0:1 IP address at 2019-08-05T11:08:33.333
=============== END ================

=============== START ================
/training/login.jsp accesses from 0:0:0:0:0:0:0:1 IP address at 2019-08-05T11:08:33.335
=============== END ================

=============== START ================
/training/login.jsp accesses from 0:0:0:0:0:0:0:1 IP address at 2019-08-05T11:08:33.337
=============== END ================

=============== START ================
/training/login.jsp accesses from 0:0:0:0:0:0:0:1 IP address at 2019-08-05T11:08:33.340
=============== END ================

=============== START ================
/training/login.jsp accesses from 0:0:0:0:0:0:0:1 IP address at 2019-08-05T11:08:33.342
=============== END ================

=============== START ================
/training/login.jsp accesses from 0:0:0:0:0:0:0:1 IP address at 2019-08-05T11:08:33.344
=============== END ================

=============== START ================
/training/login.jsp accesses from 0:0:0:0:0:0:0:1 IP address at 2019-08-05T11:08:33.346
=============== END ================

=============== START ================
/training/login.jsp accesses from 0:0:0:0:0:0:0:1 IP address at 2019-08-05T11:08:33.350
=============== END ================

=============== START ================
/training/login.jsp accesses from 0:0:0:0:0:0:0:1 IP address at 2019-08-05T11:08:33.354
=============== END ================

=============== START ================
/training/login.jsp accesses from 0:0:0:0:0:0:0:1 IP address at 2019-08-05T11:08:33.357
=============== END ================

=============== START ================
/training/login.jsp accesses from 0:0:0:0:0:0:0:1 IP address at 2019-08-05T11:08:33.360
=============== END ================

=============== START ================
/training/login.jsp accesses from 0:0:0:0:0:0:0:1 IP address at 2019-08-05T11:08:33.367
=============== END ================

=============== START ================
/training/login.jsp accesses from 0:0:0:0:0:0:0:1 IP address at 2019-08-05T11:08:33.371
=============== END ================

=============== START ================
/training/login.jsp accesses from 0:0:0:0:0:0:0:1 IP address at 2019-08-05T11:08:33.373
=============== END ================

=============== START ================
/training/login.jsp accesses from 0:0:0:0:0:0:0:1 IP address at 2019-08-05T11:08:41.542
=============== END ================

=============== START ================
/training/login.jsp accesses from 0:0:0:0:0:0:0:1 IP address at 2019-08-05T11:08:41.547
=============== END ================

=============== START ================
/training/login.jsp accesses from 0:0:0:0:0:0:0:1 IP address at 2019-08-05T11:08:41.552
=============== END ================

=============== START ================
/training/login.jsp accesses from 0:0:0:0:0:0:0:1 IP address at 2019-08-05T11:08:41.557
=============== END ================

=============== START ================
/training/login.jsp accesses from 0:0:0:0:0:0:0:1 IP address at 2019-08-05T11:08:41.560
=============== END ================

=============== START ================
/training/login.jsp accesses from 0:0:0:0:0:0:0:1 IP address at 2019-08-05T11:08:41.563
=============== END ================

=============== START ================
/training/login.jsp accesses from 0:0:0:0:0:0:0:1 IP address at 2019-08-05T11:08:41.566
=============== END ================

=============== START ================
/training/login.jsp accesses from 0:0:0:0:0:0:0:1 IP address at 2019-08-05T11:08:41.569
=============== END ================

=============== START ================
/training/login.jsp accesses from 0:0:0:0:0:0:0:1 IP address at 2019-08-05T11:08:41.573
=============== END ================

=============== START ================
/training/login.jsp accesses from 0:0:0:0:0:0:0:1 IP address at 2019-08-05T11:08:41.575
=============== END ================

=============== START ================
/training/login.jsp accesses from 0:0:0:0:0:0:0:1 IP address at 2019-08-05T11:08:41.578
=============== END ================

=============== START ================
/training/login.jsp accesses from 0:0:0:0:0:0:0:1 IP address at 2019-08-05T11:08:41.581
=============== END ================

=============== START ================
/training/login.jsp accesses from 0:0:0:0:0:0:0:1 IP address at 2019-08-05T11:08:41.584
=============== END ================

=============== START ================
/training/login.jsp accesses from 0:0:0:0:0:0:0:1 IP address at 2019-08-05T11:08:41.586
=============== END ================

=============== START ================
/training/login.jsp accesses from 0:0:0:0:0:0:0:1 IP address at 2019-08-05T11:08:41.591
=============== END ================

=============== START ================
/training/login.jsp accesses from 0:0:0:0:0:0:0:1 IP address at 2019-08-05T11:08:41.594
=============== END ================

=============== START ================
/training/login.jsp accesses from 0:0:0:0:0:0:0:1 IP address at 2019-08-05T11:08:41.597
=============== END ================

=============== START ================
/training/login.jsp accesses from 0:0:0:0:0:0:0:1 IP address at 2019-08-05T11:08:41.599
=============== END ================

=============== START ================
/training/login.jsp accesses from 0:0:0:0:0:0:0:1 IP address at 2019-08-05T11:08:41.601
=============== END ================

=============== START ================
/training/login.jsp accesses from 0:0:0:0:0:0:0:1 IP address at 2019-08-05T11:08:41.604
=============== END ================

=============== START ================
/training/login.jsp accesses from 0:0:0:0:0:0:0:1 IP address at 2019-08-05T11:09:11.649
=============== END ================

=============== START ================
/training/login.jsp accesses from 0:0:0:0:0:0:0:1 IP address at 2019-08-05T11:09:11.654
=============== END ================

=============== START ================
/training/login.jsp accesses from 0:0:0:0:0:0:0:1 IP address at 2019-08-05T11:09:11.659
=============== END ================

=============== START ================
/training/login.jsp accesses from 0:0:0:0:0:0:0:1 IP address at 2019-08-05T11:09:11.661
=============== END ================

=============== START ================
/training/login.jsp accesses from 0:0:0:0:0:0:0:1 IP address at 2019-08-05T11:09:11.668
=============== END ================

=============== START ================
/training/login.jsp accesses from 0:0:0:0:0:0:0:1 IP address at 2019-08-05T11:09:11.671
=============== END ================

=============== START ================
/training/login.jsp accesses from 0:0:0:0:0:0:0:1 IP address at 2019-08-05T11:09:11.674
=============== END ================

=============== START ================
/training/login.jsp accesses from 0:0:0:0:0:0:0:1 IP address at 2019-08-05T11:09:11.678
=============== END ================

=============== START ================
/training/login.jsp accesses from 0:0:0:0:0:0:0:1 IP address at 2019-08-05T11:09:11.683
=============== END ================

=============== START ================
/training/login.jsp accesses from 0:0:0:0:0:0:0:1 IP address at 2019-08-05T11:09:11.686
=============== END ================

=============== START ================
/training/login.jsp accesses from 0:0:0:0:0:0:0:1 IP address at 2019-08-05T11:09:11.689
=============== END ================

=============== START ================
/training/login.jsp accesses from 0:0:0:0:0:0:0:1 IP address at 2019-08-05T11:09:11.691
=============== END ================

=============== START ================
/training/login.jsp accesses from 0:0:0:0:0:0:0:1 IP address at 2019-08-05T11:09:11.693
=============== END ================

=============== START ================
/training/login.jsp accesses from 0:0:0:0:0:0:0:1 IP address at 2019-08-05T11:09:11.695
=============== END ================

=============== START ================
/training/login.jsp accesses from 0:0:0:0:0:0:0:1 IP address at 2019-08-05T11:09:11.697
=============== END ================

=============== START ================
/training/login.jsp accesses from 0:0:0:0:0:0:0:1 IP address at 2019-08-05T11:09:11.700
=============== END ================

=============== START ================
/training/login.jsp accesses from 0:0:0:0:0:0:0:1 IP address at 2019-08-05T11:09:11.702
=============== END ================

=============== START ================
/training/login.jsp accesses from 0:0:0:0:0:0:0:1 IP address at 2019-08-05T11:09:11.704
=============== END ================

=============== START ================
/training/login.jsp accesses from 0:0:0:0:0:0:0:1 IP address at 2019-08-05T11:09:11.707
=============== END ================

=============== START ================
/training/login.jsp accesses from 0:0:0:0:0:0:0:1 IP address at 2019-08-05T11:09:11.709
=============== END ================

=============== START ================
/training/login.jsp accesses from 0:0:0:0:0:0:0:1 IP address at 2019-08-05T11:10:11.733
=============== END ================

=============== START ================
/training/login.jsp accesses from 0:0:0:0:0:0:0:1 IP address at 2019-08-05T11:10:11.737
=============== END ================

=============== START ================
/training/login.jsp accesses from 0:0:0:0:0:0:0:1 IP address at 2019-08-05T11:10:11.742
=============== END ================

=============== START ================
/training/login.jsp accesses from 0:0:0:0:0:0:0:1 IP address at 2019-08-05T11:10:11.745
=============== END ================

=============== START ================
/training/login.jsp accesses from 0:0:0:0:0:0:0:1 IP address at 2019-08-05T11:10:11.751
=============== END ================

=============== START ================
/training/login.jsp accesses from 0:0:0:0:0:0:0:1 IP address at 2019-08-05T11:10:11.758
=============== END ================

=============== START ================
/training/login.jsp accesses from 0:0:0:0:0:0:0:1 IP address at 2019-08-05T11:10:11.764
=============== END ================

=============== START ================
/training/login.jsp accesses from 0:0:0:0:0:0:0:1 IP address at 2019-08-05T11:10:11.768
=============== END ================

=============== START ================
/training/login.jsp accesses from 0:0:0:0:0:0:0:1 IP address at 2019-08-05T11:10:11.771
=============== END ================

=============== START ================
/training/login.jsp accesses from 0:0:0:0:0:0:0:1 IP address at 2019-08-05T11:10:11.773
=============== END ================

=============== START ================
/training/login.jsp accesses from 0:0:0:0:0:0:0:1 IP address at 2019-08-05T11:10:11.776
=============== END ================

=============== START ================
/training/login.jsp accesses from 0:0:0:0:0:0:0:1 IP address at 2019-08-05T11:10:11.778
=============== END ================

=============== START ================
/training/login.jsp accesses from 0:0:0:0:0:0:0:1 IP address at 2019-08-05T11:10:11.781
=============== END ================

=============== START ================
/training/login.jsp accesses from 0:0:0:0:0:0:0:1 IP address at 2019-08-05T11:10:11.783
=============== END ================

=============== START ================
/training/login.jsp accesses from 0:0:0:0:0:0:0:1 IP address at 2019-08-05T11:10:11.785
=============== END ================

=============== START ================
/training/login.jsp accesses from 0:0:0:0:0:0:0:1 IP address at 2019-08-05T11:10:11.787
=============== END ================

=============== START ================
/training/login.jsp accesses from 0:0:0:0:0:0:0:1 IP address at 2019-08-05T11:10:11.790
=============== END ================

=============== START ================
/training/login.jsp accesses from 0:0:0:0:0:0:0:1 IP address at 2019-08-05T11:10:11.793
=============== END ================

=============== START ================
/training/login.jsp accesses from 0:0:0:0:0:0:0:1 IP address at 2019-08-05T11:10:11.795
=============== END ================

=============== START ================
/training/login.jsp accesses from 0:0:0:0:0:0:0:1 IP address at 2019-08-05T11:10:11.798
=============== END ================

=============== START ================
/training/login.jsp accesses from 0:0:0:0:0:0:0:1 IP address at 2019-08-05T11:12:03.487
=============== END ================

=============== START ================
/training/login.jsp accesses from 0:0:0:0:0:0:0:1 IP address at 2019-08-05T11:12:07.212
=============== END ================

=============== START ================
/training/login.jsp accesses from 0:0:0:0:0:0:0:1 IP address at 2019-08-05T11:12:07.219
=============== END ================

=============== START ================
/training/login.jsp accesses from 0:0:0:0:0:0:0:1 IP address at 2019-08-05T11:12:07.224
=============== END ================

=============== START ================
/training/login.jsp accesses from 0:0:0:0:0:0:0:1 IP address at 2019-08-05T11:12:07.230
=============== END ================

=============== START ================
/training/login.jsp accesses from 0:0:0:0:0:0:0:1 IP address at 2019-08-05T11:12:07.236
=============== END ================

=============== START ================
/training/login.jsp accesses from 0:0:0:0:0:0:0:1 IP address at 2019-08-05T11:12:07.241
=============== END ================

=============== START ================
/training/login.jsp accesses from 0:0:0:0:0:0:0:1 IP address at 2019-08-05T11:12:07.245
=============== END ================

=============== START ================
/training/login.jsp accesses from 0:0:0:0:0:0:0:1 IP address at 2019-08-05T11:12:07.248
=============== END ================

=============== START ================
/training/login.jsp accesses from 0:0:0:0:0:0:0:1 IP address at 2019-08-05T11:12:07.252
=============== END ================

=============== START ================
/training/login.jsp accesses from 0:0:0:0:0:0:0:1 IP address at 2019-08-05T11:12:07.256
=============== END ================

=============== START ================
/training/login.jsp accesses from 0:0:0:0:0:0:0:1 IP address at 2019-08-05T11:12:07.259
=============== END ================

=============== START ================
/training/login.jsp accesses from 0:0:0:0:0:0:0:1 IP address at 2019-08-05T11:12:07.262
=============== END ================

=============== START ================
/training/login.jsp accesses from 0:0:0:0:0:0:0:1 IP address at 2019-08-05T11:12:07.265
=============== END ================

=============== START ================
/training/login.jsp accesses from 0:0:0:0:0:0:0:1 IP address at 2019-08-05T11:12:07.268
=============== END ================

=============== START ================
/training/login.jsp accesses from 0:0:0:0:0:0:0:1 IP address at 2019-08-05T11:12:07.271
=============== END ================

=============== START ================
/training/login.jsp accesses from 0:0:0:0:0:0:0:1 IP address at 2019-08-05T11:12:07.275
=============== END ================

=============== START ================
/training/login.jsp accesses from 0:0:0:0:0:0:0:1 IP address at 2019-08-05T11:12:07.278
=============== END ================

=============== START ================
/training/login.jsp accesses from 0:0:0:0:0:0:0:1 IP address at 2019-08-05T11:12:07.281
=============== END ================

=============== START ================
/training/login.jsp accesses from 0:0:0:0:0:0:0:1 IP address at 2019-08-05T11:12:07.284
=============== END ================

=============== START ================
/training/login.jsp accesses from 0:0:0:0:0:0:0:1 IP address at 2019-08-05T11:12:09.151
=============== END ================

=============== START ================
/training/login.jsp accesses from 0:0:0:0:0:0:0:1 IP address at 2019-08-05T11:12:09.160
=============== END ================

=============== START ================
/training/login.jsp accesses from 0:0:0:0:0:0:0:1 IP address at 2019-08-05T11:12:09.163
=============== END ================

=============== START ================
/training/login.jsp accesses from 0:0:0:0:0:0:0:1 IP address at 2019-08-05T11:12:09.166
=============== END ================

=============== START ================
/training/login.jsp accesses from 0:0:0:0:0:0:0:1 IP address at 2019-08-05T11:12:09.171
=============== END ================

=============== START ================
/training/login.jsp accesses from 0:0:0:0:0:0:0:1 IP address at 2019-08-05T11:12:09.174
=============== END ================

=============== START ================
/training/login.jsp accesses from 0:0:0:0:0:0:0:1 IP address at 2019-08-05T11:12:09.177
=============== END ================

=============== START ================
/training/login.jsp accesses from 0:0:0:0:0:0:0:1 IP address at 2019-08-05T11:12:09.180
=============== END ================

=============== START ================
/training/login.jsp accesses from 0:0:0:0:0:0:0:1 IP address at 2019-08-05T11:12:09.185
=============== END ================

=============== START ================
/training/login.jsp accesses from 0:0:0:0:0:0:0:1 IP address at 2019-08-05T11:12:09.188
=============== END ================

=============== START ================
/training/login.jsp accesses from 0:0:0:0:0:0:0:1 IP address at 2019-08-05T11:12:09.191
=============== END ================

=============== START ================
/training/login.jsp accesses from 0:0:0:0:0:0:0:1 IP address at 2019-08-05T11:12:09.195
=============== END ================

=============== START ================
/training/login.jsp accesses from 0:0:0:0:0:0:0:1 IP address at 2019-08-05T11:12:09.198
=============== END ================

=============== START ================
/training/login.jsp accesses from 0:0:0:0:0:0:0:1 IP address at 2019-08-05T11:12:09.200
=============== END ================

=============== START ================
/training/login.jsp accesses from 0:0:0:0:0:0:0:1 IP address at 2019-08-05T11:12:09.202
=============== END ================

=============== START ================
/training/login.jsp accesses from 0:0:0:0:0:0:0:1 IP address at 2019-08-05T11:12:09.204
=============== END ================

=============== START ================
/training/login.jsp accesses from 0:0:0:0:0:0:0:1 IP address at 2019-08-05T11:12:09.207
=============== END ================

=============== START ================
/training/login.jsp accesses from 0:0:0:0:0:0:0:1 IP address at 2019-08-05T11:12:09.214
=============== END ================

=============== START ================
/training/login.jsp accesses from 0:0:0:0:0:0:0:1 IP address at 2019-08-05T11:12:09.217
=============== END ================

=============== START ================
/training/login.jsp accesses from 0:0:0:0:0:0:0:1 IP address at 2019-08-05T11:12:09.220
=============== END ================

=============== START ================
/training/login.jsp accesses from 0:0:0:0:0:0:0:1 IP address at 2019-08-05T11:12:27.771
=============== END ================

=============== START ================
/training/login.jsp accesses from 0:0:0:0:0:0:0:1 IP address at 2019-08-05T11:12:27.779
=============== END ================

=============== START ================
/training/login.jsp accesses from 0:0:0:0:0:0:0:1 IP address at 2019-08-05T11:12:27.782
=============== END ================

=============== START ================
/training/login.jsp accesses from 0:0:0:0:0:0:0:1 IP address at 2019-08-05T11:12:27.788
=============== END ================

=============== START ================
/training/login.jsp accesses from 0:0:0:0:0:0:0:1 IP address at 2019-08-05T11:12:27.791
=============== END ================

=============== START ================
/training/login.jsp accesses from 0:0:0:0:0:0:0:1 IP address at 2019-08-05T11:12:27.794
=============== END ================

=============== START ================
/training/login.jsp accesses from 0:0:0:0:0:0:0:1 IP address at 2019-08-05T11:12:27.798
=============== END ================

=============== START ================
/training/login.jsp accesses from 0:0:0:0:0:0:0:1 IP address at 2019-08-05T11:12:27.801
=============== END ================

=============== START ================
/training/login.jsp accesses from 0:0:0:0:0:0:0:1 IP address at 2019-08-05T11:12:27.805
=============== END ================

=============== START ================
/training/login.jsp accesses from 0:0:0:0:0:0:0:1 IP address at 2019-08-05T11:12:27.809
=============== END ================

=============== START ================
/training/login.jsp accesses from 0:0:0:0:0:0:0:1 IP address at 2019-08-05T11:12:27.812
=============== END ================

=============== START ================
/training/login.jsp accesses from 0:0:0:0:0:0:0:1 IP address at 2019-08-05T11:12:27.815
=============== END ================

=============== START ================
/training/login.jsp accesses from 0:0:0:0:0:0:0:1 IP address at 2019-08-05T11:12:27.818
=============== END ================

=============== START ================
/training/login.jsp accesses from 0:0:0:0:0:0:0:1 IP address at 2019-08-05T11:12:27.821
=============== END ================

=============== START ================
/training/login.jsp accesses from 0:0:0:0:0:0:0:1 IP address at 2019-08-05T11:12:27.823
=============== END ================

=============== START ================
/training/login.jsp accesses from 0:0:0:0:0:0:0:1 IP address at 2019-08-05T11:12:27.825
=============== END ================

=============== START ================
/training/login.jsp accesses from 0:0:0:0:0:0:0:1 IP address at 2019-08-05T11:12:27.828
=============== END ================

=============== START ================
/training/login.jsp accesses from 0:0:0:0:0:0:0:1 IP address at 2019-08-05T11:12:27.830
=============== END ================

=============== START ================
/training/login.jsp accesses from 0:0:0:0:0:0:0:1 IP address at 2019-08-05T11:12:27.832
=============== END ================

=============== START ================
/training/login.jsp accesses from 0:0:0:0:0:0:0:1 IP address at 2019-08-05T11:12:27.834
=============== END ================

=============== START ================
/training/login.jsp accesses from 0:0:0:0:0:0:0:1 IP address at 2019-08-05T11:12:29.184
=============== END ================

=============== START ================
/training/login.jsp accesses from 0:0:0:0:0:0:0:1 IP address at 2019-08-05T11:12:29.188
=============== END ================

=============== START ================
/training/login.jsp accesses from 0:0:0:0:0:0:0:1 IP address at 2019-08-05T11:12:29.193
=============== END ================

=============== START ================
/training/login.jsp accesses from 0:0:0:0:0:0:0:1 IP address at 2019-08-05T11:12:29.196
=============== END ================

=============== START ================
/training/login.jsp accesses from 0:0:0:0:0:0:0:1 IP address at 2019-08-05T11:12:29.199
=============== END ================

=============== START ================
/training/login.jsp accesses from 0:0:0:0:0:0:0:1 IP address at 2019-08-05T11:12:29.205
=============== END ================

=============== START ================
/training/login.jsp accesses from 0:0:0:0:0:0:0:1 IP address at 2019-08-05T11:12:29.209
=============== END ================

=============== START ================
/training/login.jsp accesses from 0:0:0:0:0:0:0:1 IP address at 2019-08-05T11:12:29.212
=============== END ================

=============== START ================
/training/login.jsp accesses from 0:0:0:0:0:0:0:1 IP address at 2019-08-05T11:12:29.215
=============== END ================

=============== START ================
/training/login.jsp accesses from 0:0:0:0:0:0:0:1 IP address at 2019-08-05T11:12:29.218
=============== END ================

=============== START ================
/training/login.jsp accesses from 0:0:0:0:0:0:0:1 IP address at 2019-08-05T11:12:29.222
=============== END ================

=============== START ================
/training/login.jsp accesses from 0:0:0:0:0:0:0:1 IP address at 2019-08-05T11:12:29.226
=============== END ================

=============== START ================
/training/login.jsp accesses from 0:0:0:0:0:0:0:1 IP address at 2019-08-05T11:12:29.228
=============== END ================

=============== START ================
/training/login.jsp accesses from 0:0:0:0:0:0:0:1 IP address at 2019-08-05T11:12:29.230
=============== END ================

=============== START ================
/training/login.jsp accesses from 0:0:0:0:0:0:0:1 IP address at 2019-08-05T11:12:29.233
=============== END ================

=============== START ================
/training/login.jsp accesses from 0:0:0:0:0:0:0:1 IP address at 2019-08-05T11:12:29.239
=============== END ================

=============== START ================
/training/login.jsp accesses from 0:0:0:0:0:0:0:1 IP address at 2019-08-05T11:12:29.242
=============== END ================

=============== START ================
/training/login.jsp accesses from 0:0:0:0:0:0:0:1 IP address at 2019-08-05T11:12:29.245
=============== END ================

=============== START ================
/training/login.jsp accesses from 0:0:0:0:0:0:0:1 IP address at 2019-08-05T11:12:29.247
=============== END ================

=============== START ================
/training/login.jsp accesses from 0:0:0:0:0:0:0:1 IP address at 2019-08-05T11:12:29.251
=============== END ================

=============== START ================
/training/login.jsp accesses from 0:0:0:0:0:0:0:1 IP address at 2019-08-05T11:12:29.809
=============== END ================

=============== START ================
/training/login.jsp accesses from 0:0:0:0:0:0:0:1 IP address at 2019-08-05T11:12:29.814
=============== END ================

=============== START ================
/training/login.jsp accesses from 0:0:0:0:0:0:0:1 IP address at 2019-08-05T11:12:29.820
=============== END ================

=============== START ================
/training/login.jsp accesses from 0:0:0:0:0:0:0:1 IP address at 2019-08-05T11:12:29.825
=============== END ================

=============== START ================
/training/login.jsp accesses from 0:0:0:0:0:0:0:1 IP address at 2019-08-05T11:12:29.828
=============== END ================

=============== START ================
/training/login.jsp accesses from 0:0:0:0:0:0:0:1 IP address at 2019-08-05T11:12:29.832
=============== END ================

=============== START ================
/training/login.jsp accesses from 0:0:0:0:0:0:0:1 IP address at 2019-08-05T11:12:29.837
=============== END ================

=============== START ================
/training/login.jsp accesses from 0:0:0:0:0:0:0:1 IP address at 2019-08-05T11:12:29.840
=============== END ================

=============== START ================
/training/login.jsp accesses from 0:0:0:0:0:0:0:1 IP address at 2019-08-05T11:12:29.843
=============== END ================

=============== START ================
/training/login.jsp accesses from 0:0:0:0:0:0:0:1 IP address at 2019-08-05T11:12:29.844
=============== END ================

=============== START ================
/training/login.jsp accesses from 0:0:0:0:0:0:0:1 IP address at 2019-08-05T11:12:29.847
=============== END ================

=============== START ================
/training/login.jsp accesses from 0:0:0:0:0:0:0:1 IP address at 2019-08-05T11:12:29.850
=============== END ================

=============== START ================
/training/login.jsp accesses from 0:0:0:0:0:0:0:1 IP address at 2019-08-05T11:12:29.855
=============== END ================

=============== START ================
/training/login.jsp accesses from 0:0:0:0:0:0:0:1 IP address at 2019-08-05T11:12:29.857
=============== END ================

=============== START ================
/training/login.jsp accesses from 0:0:0:0:0:0:0:1 IP address at 2019-08-05T11:12:29.859
=============== END ================

=============== START ================
/training/login.jsp accesses from 0:0:0:0:0:0:0:1 IP address at 2019-08-05T11:12:29.861
=============== END ================

=============== START ================
/training/login.jsp accesses from 0:0:0:0:0:0:0:1 IP address at 2019-08-05T11:12:29.864
=============== END ================

=============== START ================
/training/login.jsp accesses from 0:0:0:0:0:0:0:1 IP address at 2019-08-05T11:12:29.866
=============== END ================

=============== START ================
/training/login.jsp accesses from 0:0:0:0:0:0:0:1 IP address at 2019-08-05T11:12:29.869
=============== END ================

=============== START ================
/training/login.jsp accesses from 0:0:0:0:0:0:0:1 IP address at 2019-08-05T11:12:29.872
=============== END ================

=============== START ================
/training/login.jsp accesses from 0:0:0:0:0:0:0:1 IP address at 2019-08-05T11:12:29.978
=============== END ================

=============== START ================
/training/login.jsp accesses from 0:0:0:0:0:0:0:1 IP address at 2019-08-05T11:12:29.983
=============== END ================

=============== START ================
/training/login.jsp accesses from 0:0:0:0:0:0:0:1 IP address at 2019-08-05T11:12:29.990
=============== END ================

=============== START ================
/training/login.jsp accesses from 0:0:0:0:0:0:0:1 IP address at 2019-08-05T11:12:29.994
=============== END ================

=============== START ================
/training/login.jsp accesses from 0:0:0:0:0:0:0:1 IP address at 2019-08-05T11:12:29.997
=============== END ================

=============== START ================
/training/login.jsp accesses from 0:0:0:0:0:0:0:1 IP address at 2019-08-05T11:12:30
=============== END ================

=============== START ================
/training/login.jsp accesses from 0:0:0:0:0:0:0:1 IP address at 2019-08-05T11:12:30.005
=============== END ================

=============== START ================
/training/login.jsp accesses from 0:0:0:0:0:0:0:1 IP address at 2019-08-05T11:12:30.008
=============== END ================

=============== START ================
/training/login.jsp accesses from 0:0:0:0:0:0:0:1 IP address at 2019-08-05T11:12:30.011
=============== END ================

=============== START ================
/training/login.jsp accesses from 0:0:0:0:0:0:0:1 IP address at 2019-08-05T11:12:30.013
=============== END ================

=============== START ================
/training/login.jsp accesses from 0:0:0:0:0:0:0:1 IP address at 2019-08-05T11:12:30.015
=============== END ================

=============== START ================
/training/login.jsp accesses from 0:0:0:0:0:0:0:1 IP address at 2019-08-05T11:12:30.021
=============== END ================

=============== START ================
/training/login.jsp accesses from 0:0:0:0:0:0:0:1 IP address at 2019-08-05T11:12:30.024
=============== END ================

=============== START ================
/training/login.jsp accesses from 0:0:0:0:0:0:0:1 IP address at 2019-08-05T11:12:30.026
=============== END ================

=============== START ================
/training/login.jsp accesses from 0:0:0:0:0:0:0:1 IP address at 2019-08-05T11:12:30.029
=============== END ================

=============== START ================
/training/login.jsp accesses from 0:0:0:0:0:0:0:1 IP address at 2019-08-05T11:12:30.031
=============== END ================

=============== START ================
/training/login.jsp accesses from 0:0:0:0:0:0:0:1 IP address at 2019-08-05T11:12:30.033
=============== END ================

=============== START ================
/training/login.jsp accesses from 0:0:0:0:0:0:0:1 IP address at 2019-08-05T11:12:30.036
=============== END ================

=============== START ================
/training/login.jsp accesses from 0:0:0:0:0:0:0:1 IP address at 2019-08-05T11:12:30.038
=============== END ================

=============== START ================
/training/login.jsp accesses from 0:0:0:0:0:0:0:1 IP address at 2019-08-05T11:12:30.040
=============== END ================

=============== START ================
/training/login.jsp accesses from 0:0:0:0:0:0:0:1 IP address at 2019-08-05T11:12:30.131
=============== END ================

=============== START ================
/training/login.jsp accesses from 0:0:0:0:0:0:0:1 IP address at 2019-08-05T11:12:30.139
=============== END ================

=============== START ================
/training/login.jsp accesses from 0:0:0:0:0:0:0:1 IP address at 2019-08-05T11:12:30.143
=============== END ================

=============== START ================
/training/login.jsp accesses from 0:0:0:0:0:0:0:1 IP address at 2019-08-05T11:12:30.147
=============== END ================

=============== START ================
/training/login.jsp accesses from 0:0:0:0:0:0:0:1 IP address at 2019-08-05T11:12:30.153
=============== END ================

=============== START ================
/training/login.jsp accesses from 0:0:0:0:0:0:0:1 IP address at 2019-08-05T11:12:30.157
=============== END ================

=============== START ================
/training/login.jsp accesses from 0:0:0:0:0:0:0:1 IP address at 2019-08-05T11:12:30.160
=============== END ================

=============== START ================
/training/login.jsp accesses from 0:0:0:0:0:0:0:1 IP address at 2019-08-05T11:12:30.163
=============== END ================

=============== START ================
/training/login.jsp accesses from 0:0:0:0:0:0:0:1 IP address at 2019-08-05T11:12:30.165
=============== END ================

=============== START ================
/training/login.jsp accesses from 0:0:0:0:0:0:0:1 IP address at 2019-08-05T11:12:30.171
=============== END ================

=============== START ================
/training/login.jsp accesses from 0:0:0:0:0:0:0:1 IP address at 2019-08-05T11:12:30.172
=============== END ================

=============== START ================
/training/login.jsp accesses from 0:0:0:0:0:0:0:1 IP address at 2019-08-05T11:12:30.175
=============== END ================

=============== START ================
/training/login.jsp accesses from 0:0:0:0:0:0:0:1 IP address at 2019-08-05T11:12:30.178
=============== END ================

=============== START ================
/training/login.jsp accesses from 0:0:0:0:0:0:0:1 IP address at 2019-08-05T11:12:30.181
=============== END ================

=============== START ================
/training/login.jsp accesses from 0:0:0:0:0:0:0:1 IP address at 2019-08-05T11:12:30.183
=============== END ================

=============== START ================
/training/login.jsp accesses from 0:0:0:0:0:0:0:1 IP address at 2019-08-05T11:12:30.186
=============== END ================

=============== START ================
/training/login.jsp accesses from 0:0:0:0:0:0:0:1 IP address at 2019-08-05T11:12:30.189
=============== END ================

=============== START ================
/training/login.jsp accesses from 0:0:0:0:0:0:0:1 IP address at 2019-08-05T11:12:30.191
=============== END ================

=============== START ================
/training/login.jsp accesses from 0:0:0:0:0:0:0:1 IP address at 2019-08-05T11:12:30.194
=============== END ================

=============== START ================
/training/login.jsp accesses from 0:0:0:0:0:0:0:1 IP address at 2019-08-05T11:12:30.196
=============== END ================

=============== START ================
/training/login.jsp accesses from 0:0:0:0:0:0:0:1 IP address at 2019-08-05T11:12:30.281
=============== END ================

=============== START ================
/training/login.jsp accesses from 0:0:0:0:0:0:0:1 IP address at 2019-08-05T11:12:30.285
=============== END ================

=============== START ================
/training/login.jsp accesses from 0:0:0:0:0:0:0:1 IP address at 2019-08-05T11:12:30.290
=============== END ================

=============== START ================
/training/login.jsp accesses from 0:0:0:0:0:0:0:1 IP address at 2019-08-05T11:12:30.293
=============== END ================

=============== START ================
/training/login.jsp accesses from 0:0:0:0:0:0:0:1 IP address at 2019-08-05T11:12:30.296
=============== END ================

=============== START ================
/training/login.jsp accesses from 0:0:0:0:0:0:0:1 IP address at 2019-08-05T11:12:30.300
=============== END ================

=============== START ================
/training/login.jsp accesses from 0:0:0:0:0:0:0:1 IP address at 2019-08-05T11:12:30.306
=============== END ================

=============== START ================
/training/login.jsp accesses from 0:0:0:0:0:0:0:1 IP address at 2019-08-05T11:12:30.310
=============== END ================

=============== START ================
/training/login.jsp accesses from 0:0:0:0:0:0:0:1 IP address at 2019-08-05T11:12:30.313
=============== END ================

=============== START ================
/training/login.jsp accesses from 0:0:0:0:0:0:0:1 IP address at 2019-08-05T11:12:30.315
=============== END ================

=============== START ================
/training/login.jsp accesses from 0:0:0:0:0:0:0:1 IP address at 2019-08-05T11:12:30.320
=============== END ================

=============== START ================
/training/login.jsp accesses from 0:0:0:0:0:0:0:1 IP address at 2019-08-05T11:12:30.324
=============== END ================

=============== START ================
/training/login.jsp accesses from 0:0:0:0:0:0:0:1 IP address at 2019-08-05T11:12:30.325
=============== END ================

=============== START ================
/training/login.jsp accesses from 0:0:0:0:0:0:0:1 IP address at 2019-08-05T11:12:30.328
=============== END ================

=============== START ================
/training/login.jsp accesses from 0:0:0:0:0:0:0:1 IP address at 2019-08-05T11:12:30.330
=============== END ================

=============== START ================
/training/login.jsp accesses from 0:0:0:0:0:0:0:1 IP address at 2019-08-05T11:12:30.335
=============== END ================

=============== START ================
/training/login.jsp accesses from 0:0:0:0:0:0:0:1 IP address at 2019-08-05T11:12:30.338
=============== END ================

=============== START ================
/training/login.jsp accesses from 0:0:0:0:0:0:0:1 IP address at 2019-08-05T11:12:30.341
=============== END ================

=============== START ================
/training/login.jsp accesses from 0:0:0:0:0:0:0:1 IP address at 2019-08-05T11:12:30.343
=============== END ================

=============== START ================
/training/login.jsp accesses from 0:0:0:0:0:0:0:1 IP address at 2019-08-05T11:12:30.345
=============== END ================

=============== START ================
/training/login.jsp accesses from 0:0:0:0:0:0:0:1 IP address at 2019-08-05T11:12:30.436
=============== END ================

=============== START ================
/training/login.jsp accesses from 0:0:0:0:0:0:0:1 IP address at 2019-08-05T11:12:30.443
=============== END ================

=============== START ================
/training/login.jsp accesses from 0:0:0:0:0:0:0:1 IP address at 2019-08-05T11:12:30.447
=============== END ================

=============== START ================
/training/login.jsp accesses from 0:0:0:0:0:0:0:1 IP address at 2019-08-05T11:12:30.454
=============== END ================

=============== START ================
/training/login.jsp accesses from 0:0:0:0:0:0:0:1 IP address at 2019-08-05T11:12:30.458
=============== END ================

=============== START ================
/training/login.jsp accesses from 0:0:0:0:0:0:0:1 IP address at 2019-08-05T11:12:30.461
=============== END ================

=============== START ================
/training/login.jsp accesses from 0:0:0:0:0:0:0:1 IP address at 2019-08-05T11:12:30.464
=============== END ================

=============== START ================
/training/login.jsp accesses from 0:0:0:0:0:0:0:1 IP address at 2019-08-05T11:12:30.471
=============== END ================

=============== START ================
/training/login.jsp accesses from 0:0:0:0:0:0:0:1 IP address at 2019-08-05T11:12:30.474
=============== END ================

=============== START ================
/training/login.jsp accesses from 0:0:0:0:0:0:0:1 IP address at 2019-08-05T11:12:30.478
=============== END ================

=============== START ================
/training/login.jsp accesses from 0:0:0:0:0:0:0:1 IP address at 2019-08-05T11:12:30.481
=============== END ================

=============== START ================
/training/login.jsp accesses from 0:0:0:0:0:0:0:1 IP address at 2019-08-05T11:12:30.487
=============== END ================

=============== START ================
/training/login.jsp accesses from 0:0:0:0:0:0:0:1 IP address at 2019-08-05T11:12:30.490
=============== END ================

=============== START ================
/training/login.jsp accesses from 0:0:0:0:0:0:0:1 IP address at 2019-08-05T11:12:30.493
=============== END ================

=============== START ================
/training/login.jsp accesses from 0:0:0:0:0:0:0:1 IP address at 2019-08-05T11:12:30.495
=============== END ================

=============== START ================
/training/login.jsp accesses from 0:0:0:0:0:0:0:1 IP address at 2019-08-05T11:12:30.498
=============== END ================

=============== START ================
/training/login.jsp accesses from 0:0:0:0:0:0:0:1 IP address at 2019-08-05T11:12:30.501
=============== END ================

=============== START ================
/training/login.jsp accesses from 0:0:0:0:0:0:0:1 IP address at 2019-08-05T11:12:30.503
=============== END ================

=============== START ================
/training/login.jsp accesses from 0:0:0:0:0:0:0:1 IP address at 2019-08-05T11:12:30.505
=============== END ================

=============== START ================
/training/login.jsp accesses from 0:0:0:0:0:0:0:1 IP address at 2019-08-05T11:12:30.507
=============== END ================

=============== START ================
/training/login.jsp accesses from 0:0:0:0:0:0:0:1 IP address at 2019-08-05T11:12:30.576
=============== END ================

=============== START ================
/training/login.jsp accesses from 0:0:0:0:0:0:0:1 IP address at 2019-08-05T11:12:30.579
=============== END ================

=============== START ================
/training/login.jsp accesses from 0:0:0:0:0:0:0:1 IP address at 2019-08-05T11:12:30.582
=============== END ================

=============== START ================
/training/login.jsp accesses from 0:0:0:0:0:0:0:1 IP address at 2019-08-05T11:12:30.591
=============== END ================

=============== START ================
/training/login.jsp accesses from 0:0:0:0:0:0:0:1 IP address at 2019-08-05T11:12:30.595
=============== END ================

=============== START ================
/training/login.jsp accesses from 0:0:0:0:0:0:0:1 IP address at 2019-08-05T11:12:30.598
=============== END ================

=============== START ================
/training/login.jsp accesses from 0:0:0:0:0:0:0:1 IP address at 2019-08-05T11:12:30.605
=============== END ================

=============== START ================
/training/login.jsp accesses from 0:0:0:0:0:0:0:1 IP address at 2019-08-05T11:12:30.609
=============== END ================

=============== START ================
/training/login.jsp accesses from 0:0:0:0:0:0:0:1 IP address at 2019-08-05T11:12:30.612
=============== END ================

=============== START ================
/training/login.jsp accesses from 0:0:0:0:0:0:0:1 IP address at 2019-08-05T11:12:30.615
=============== END ================

=============== START ================
/training/login.jsp accesses from 0:0:0:0:0:0:0:1 IP address at 2019-08-05T11:12:30.622
=============== END ================

=============== START ================
/training/login.jsp accesses from 0:0:0:0:0:0:0:1 IP address at 2019-08-05T11:12:30.626
=============== END ================

=============== START ================
/training/login.jsp accesses from 0:0:0:0:0:0:0:1 IP address at 2019-08-05T11:12:30.629
=============== END ================

=============== START ================
/training/login.jsp accesses from 0:0:0:0:0:0:0:1 IP address at 2019-08-05T11:12:30.633
=============== END ================

=============== START ================
/training/login.jsp accesses from 0:0:0:0:0:0:0:1 IP address at 2019-08-05T11:12:30.637
=============== END ================

=============== START ================
/training/login.jsp accesses from 0:0:0:0:0:0:0:1 IP address at 2019-08-05T11:12:30.640
=============== END ================

=============== START ================
/training/login.jsp accesses from 0:0:0:0:0:0:0:1 IP address at 2019-08-05T11:12:30.643
=============== END ================

=============== START ================
/training/login.jsp accesses from 0:0:0:0:0:0:0:1 IP address at 2019-08-05T11:12:30.646
=============== END ================

=============== START ================
/training/login.jsp accesses from 0:0:0:0:0:0:0:1 IP address at 2019-08-05T11:12:30.649
=============== END ================

=============== START ================
/training/login.jsp accesses from 0:0:0:0:0:0:0:1 IP address at 2019-08-05T11:12:30.652
=============== END ================

=============== START ================
/training/login.jsp accesses from 0:0:0:0:0:0:0:1 IP address at 2019-08-05T11:12:30.711
=============== END ================

=============== START ================
/training/login.jsp accesses from 0:0:0:0:0:0:0:1 IP address at 2019-08-05T11:12:30.715
=============== END ================

=============== START ================
/training/login.jsp accesses from 0:0:0:0:0:0:0:1 IP address at 2019-08-05T11:12:30.723
=============== END ================

=============== START ================
/training/login.jsp accesses from 0:0:0:0:0:0:0:1 IP address at 2019-08-05T11:12:30.726
=============== END ================

=============== START ================
/training/login.jsp accesses from 0:0:0:0:0:0:0:1 IP address at 2019-08-05T11:12:30.729
=============== END ================

=============== START ================
/training/login.jsp accesses from 0:0:0:0:0:0:0:1 IP address at 2019-08-05T11:12:30.732
=============== END ================

=============== START ================
/training/login.jsp accesses from 0:0:0:0:0:0:0:1 IP address at 2019-08-05T11:12:30.737
=============== END ================

=============== START ================
/training/login.jsp accesses from 0:0:0:0:0:0:0:1 IP address at 2019-08-05T11:12:30.740
=============== END ================

=============== START ================
/training/login.jsp accesses from 0:0:0:0:0:0:0:1 IP address at 2019-08-05T11:12:30.742
=============== END ================

=============== START ================
/training/login.jsp accesses from 0:0:0:0:0:0:0:1 IP address at 2019-08-05T11:12:30.744
=============== END ================

=============== START ================
/training/login.jsp accesses from 0:0:0:0:0:0:0:1 IP address at 2019-08-05T11:12:30.747
=============== END ================

=============== START ================
/training/login.jsp accesses from 0:0:0:0:0:0:0:1 IP address at 2019-08-05T11:12:30.752
=============== END ================

=============== START ================
/training/login.jsp accesses from 0:0:0:0:0:0:0:1 IP address at 2019-08-05T11:12:30.754
=============== END ================

=============== START ================
/training/login.jsp accesses from 0:0:0:0:0:0:0:1 IP address at 2019-08-05T11:12:30.757
=============== END ================

=============== START ================
/training/login.jsp accesses from 0:0:0:0:0:0:0:1 IP address at 2019-08-05T11:12:30.759
=============== END ================

=============== START ================
/training/login.jsp accesses from 0:0:0:0:0:0:0:1 IP address at 2019-08-05T11:12:30.762
=============== END ================

=============== START ================
/training/login.jsp accesses from 0:0:0:0:0:0:0:1 IP address at 2019-08-05T11:12:30.765
=============== END ================

=============== START ================
/training/login.jsp accesses from 0:0:0:0:0:0:0:1 IP address at 2019-08-05T11:12:30.768
=============== END ================

=============== START ================
/training/login.jsp accesses from 0:0:0:0:0:0:0:1 IP address at 2019-08-05T11:12:30.771
=============== END ================

=============== START ================
/training/login.jsp accesses from 0:0:0:0:0:0:0:1 IP address at 2019-08-05T11:12:30.773
=============== END ================

=============== START ================
/training/login.jsp accesses from 0:0:0:0:0:0:0:1 IP address at 2019-08-05T11:13:56.867
=============== END ================

=============== START ================
/training/login.jsp accesses from 0:0:0:0:0:0:0:1 IP address at 2019-08-05T11:16:01.647
=============== END ================

=============== START ================
/training/login.jsp accesses from 0:0:0:0:0:0:0:1 IP address at 2019-08-05T11:16:02.349
=============== END ================

=============== START ================
/training/india/population accesses from 0:0:0:0:0:0:0:1 IP address at 2019-08-05T11:16:31.276
=============== END ================

=============== START ================
/training/india/population accesses from 0:0:0:0:0:0:0:1 IP address at 2019-08-05T11:17:03.560
=============== END ================

=============== START ================
/training/india/population accesses from 0:0:0:0:0:0:0:1 IP address at 2019-08-05T11:18:07.411
=============== END ================

=============== START ================
/training/india/population accesses from 0:0:0:0:0:0:0:1 IP address at 2019-08-05T11:18:30.644
=============== END ================

=============== START ================
/training/india/population accesses from 127.0.0.1 IP address at 2019-08-05T11:19:49.117
=============== END ================

=============== START ================
/training/india/login.jsp accesses from 127.0.0.1 IP address at 2019-08-05T11:19:49.127
=============== END ================
